<?xml version="1.0" encoding="UTF-8"?>
<testsuite xmlns:xsi="http://www.w3.org/2001/XMLSchema-instance" xsi:noNamespaceSchemaLocation="https://maven.apache.org/surefire/maven-surefire-plugin/xsd/surefire-test-report-3.0.xsd" version="3.0" name="com.example.producer.OrderControllerTest" time="2.258" tests="3" errors="0" skipped="0" failures="0">
  <properties>
[...]
</properties>
  <testcase name="shouldReturnBadRequestWhenMandatoryParameterMissing" classname="com.example.producer.OrderControllerTest" time="0.122">
    <system-out><![CDATA[23:16:46.281 [main] INFO org.springframework.test.context.support.AnnotationConfigContextLoaderUtils -- Could not detect default configuration classes for test class [com.example.producer.OrderControllerTest]: OrderControllerTest does not declare any static, non-private, non-final, nested classes annotated with @Configuration.
23:16:46.403 [main] INFO org.springframework.boot.test.context.SpringBootTestContextBootstrapper -- Found @SpringBootConfiguration com.example.producer.OrdersProducerApplication for test class com.example.producer.OrderControllerTest

  .   ____          _            __ _ _
 /\\ / ___'_ __ _ _(_)_ __  __ _ \ \ \ \
( ( )\___ | '_ | '_| | '_ \/ _` | \ \ \ \
 \\/  ___)| |_)| | | | | || (_| |  ) ) ) )
  '  |____| .__|_| |_|_| |_\__, | / / / /
 =========|_|==============|___/=/_/_/_/

 :: Spring Boot ::                (v3.3.5)

2026-01-26T23:16:46.763Z  INFO 51107 --- [           main] c.example.producer.OrderControllerTest   : Starting OrderControllerTest using Java 21.0.9 with PID 51107 (started by root in /home/david/source/repositories/java-kafka/orders-producer)
2026-01-26T23:16:46.765Z  INFO 51107 --- [           main] c.example.producer.OrderControllerTest   : No active profile set, falling back to 1 default profile: "default"
2026-01-26T23:16:48.188Z  INFO 51107 --- [           main] o.s.b.t.m.w.SpringBootMockServletContext : Initializing Spring TestDispatcherServlet ''
2026-01-26T23:16:48.188Z  INFO 51107 --- [           main] o.s.t.web.servlet.TestDispatcherServlet  : Initializing Servlet ''
2026-01-26T23:16:48.190Z  INFO 51107 --- [           main] o.s.t.web.servlet.TestDispatcherServlet  : Completed initialization in 1 ms
2026-01-26T23:16:48.223Z  INFO 51107 --- [           main] c.example.producer.OrderControllerTest   : Started OrderControllerTest in 1.762 seconds (process running for 2.619)
2026-01-26T23:16:48.336Z  WARN 51107 --- [           main] .w.s.m.s.DefaultHandlerExceptionResolver : Resolved [org.springframework.web.bind.MissingServletRequestParameterException: Required request parameter 'orderId' for method parameter type String is not present]
]]></system-out>
    <system-err><![CDATA[Jan 26, 2026 11:16:45 PM org.junit.platform.launcher.core.LauncherConfigurationParameters loadClasspathResource
WARNING: Discovered 2 'junit-platform.properties' configuration files in the classpath; only the first will be used.
Jan 26, 2026 11:16:45 PM org.junit.platform.launcher.core.LauncherConfigurationParameters loadClasspathResource
WARNING: Discovered 2 'junit-platform.properties' configuration files in the classpath; only the first will be used.
Jan 26, 2026 11:16:46 PM org.junit.platform.launcher.core.LauncherConfigurationParameters loadClasspathResource
WARNING: Discovered 2 'junit-platform.properties' configuration files in the classpath; only the first will be used.
Jan 26, 2026 11:16:46 PM org.junit.platform.launcher.core.LauncherConfigurationParameters loadClasspathResource
WARNING: Discovered 2 'junit-platform.properties' configuration files in the classpath; only the first will be used.
Jan 26, 2026 11:16:46 PM org.junit.platform.launcher.core.LauncherConfigurationParameters loadClasspathResource
WARNING: Discovered 2 'junit-platform.properties' configuration files in the classpath; only the first will be used.
WARNING: A Java agent has been loaded dynamically (/root/.m2/repository/net/bytebuddy/byte-buddy-agent/1.14.19/byte-buddy-agent-1.14.19.jar)
WARNING: If a serviceability tool is in use, please run with -XX:+EnableDynamicAgentLoading to hide this warning
WARNING: If a serviceability tool is not in use, please run with -Djdk.instrument.traceUsage for more information
WARNING: Dynamic loading of agents will be disallowed by default in a future release
]]></system-err>
  </testcase>
  <testcase name="shouldCreateOrderWithoutOptionalNote" classname="com.example.producer.OrderControllerTest" time="0.076"/>
  <testcase name="shouldCreateOrderAndSendToKafka" classname="com.example.producer.OrderControllerTest" time="0.008"/>
</testsuite>