<?xml version="1.0" encoding="UTF-8"?>
<testsuite xmlns:xsi="http://www.w3.org/2001/XMLSchema-instance" xsi:noNamespaceSchemaLocation="https://maven.apache.org/surefire/maven-surefire-plugin/xsd/surefire-test-report-3.0.xsd" version="3.0" name="com.example.producer.OrderProducerIntegrationTest" time="14.172" tests="2" errors="0" skipped="0" failures="0">
  <properties>
[...]
</properties>
  <testcase name="shouldSendMessageToKafkaAndBeConsumed" classname="com.example.producer.OrderProducerIntegrationTest" time="2.09">
    <system-out><![CDATA[2026-01-26T23:16:48.475Z  INFO 51107 --- [           main] t.c.s.AnnotationConfigContextLoaderUtils : Could not detect default configuration classes for test class [com.example.producer.OrderProducerIntegrationTest]: OrderProducerIntegrationTest does not declare any static, non-private, non-final, nested classes annotated with @Configuration.
2026-01-26T23:16:48.485Z  INFO 51107 --- [           main] .b.t.c.SpringBootTestContextBootstrapper : Found @SpringBootConfiguration com.example.producer.OrdersProducerApplication for test class com.example.producer.OrderProducerIntegrationTest
2026-01-26T23:16:48.521Z  INFO 51107 --- [           main] org.testcontainers.images.PullPolicy     : Image pull policy will be performed by: DefaultPullPolicy()
2026-01-26T23:16:48.524Z  INFO 51107 --- [           main] o.t.utility.ImageNameSubstitutor         : Image name substitution will be performed by: DefaultImageNameSubstitutor (composite of 'ConfigurationFileImageNameSubstitutor' and 'PrefixingImageNameSubstitutor')
2026-01-26T23:16:48.644Z  INFO 51107 --- [           main] o.t.d.DockerClientProviderStrategy       : Loaded org.testcontainers.dockerclient.UnixSocketClientProviderStrategy from ~/.testcontainers.properties, will try it first
2026-01-26T23:16:48.919Z  INFO 51107 --- [           main] o.t.d.DockerClientProviderStrategy       : Found Docker environment with local Unix socket (unix:///var/run/docker.sock)
2026-01-26T23:16:48.920Z  INFO 51107 --- [           main] org.testcontainers.DockerClientFactory   : Docker host IP address is localhost
2026-01-26T23:16:48.937Z  INFO 51107 --- [           main] org.testcontainers.DockerClientFactory   : Connected to docker: 
  Server Version: 28.4.0
  API Version: 1.51
  Operating System: Ubuntu Core 24
  Total Memory: 23981 MB
2026-01-26T23:16:48.969Z  INFO 51107 --- [           main] tc.testcontainers/ryuk:0.7.0             : Creating container for image: testcontainers/ryuk:0.7.0
2026-01-26T23:16:48.974Z  INFO 51107 --- [           main] o.t.utility.RegistryAuthLocator          : Failure when attempting to lookup auth config. Please ignore if you don't have images in an authenticated registry. Details: (dockerImageName: testcontainers/ryuk:0.7.0, configFile: /root/.docker/config.json, configEnv: DOCKER_AUTH_CONFIG). Falling back to docker-java default behaviour. Exception message: Status 404: No config supplied. Checked in order: /root/.docker/config.json (file not found), DOCKER_AUTH_CONFIG (not set)
2026-01-26T23:16:50.188Z  INFO 51107 --- [           main] tc.testcontainers/ryuk:0.7.0             : Container testcontainers/ryuk:0.7.0 is starting: 53610cafeb4299056188b831b0ce5ada57d7e93b6bcf5c80c97c214a1a768225
2026-01-26T23:16:50.999Z  INFO 51107 --- [           main] tc.testcontainers/ryuk:0.7.0             : Container testcontainers/ryuk:0.7.0 started in PT2.029344932S
2026-01-26T23:16:51.003Z  INFO 51107 --- [           main] o.t.utility.RyukResourceReaper           : Ryuk started - will monitor and terminate Testcontainers containers on JVM exit
2026-01-26T23:16:51.003Z  INFO 51107 --- [           main] org.testcontainers.DockerClientFactory   : Checking the system...
2026-01-26T23:16:51.004Z  INFO 51107 --- [           main] org.testcontainers.DockerClientFactory   : ✔︎ Docker server version should be at least 1.6.0
2026-01-26T23:16:51.004Z  INFO 51107 --- [           main] tc.confluentinc/cp-kafka:7.4.4           : Creating container for image: confluentinc/cp-kafka:7.4.4
2026-01-26T23:16:51.986Z  INFO 51107 --- [           main] tc.confluentinc/cp-kafka:7.4.4           : Container confluentinc/cp-kafka:7.4.4 is starting: 3a777f5c2ebda2cc8bfa8f9c15d266093a5513a91183ffdacd38548f43606fdc
2026-01-26T23:16:58.099Z  INFO 51107 --- [           main] tc.confluentinc/cp-kafka:7.4.4           : Container confluentinc/cp-kafka:7.4.4 started in PT7.095011892S

  .   ____          _            __ _ _
 /\\ / ___'_ __ _ _(_)_ __  __ _ \ \ \ \
( ( )\___ | '_ | '_| | '_ \/ _` | \ \ \ \
 \\/  ___)| |_)| | | | | || (_| |  ) ) ) )
  '  |____| .__|_| |_|_| |_\__, | / / / /
 =========|_|==============|___/=/_/_/_/

 :: Spring Boot ::                (v3.3.5)

2026-01-26T23:16:58.148Z  INFO 51107 --- [           main] c.e.p.OrderProducerIntegrationTest       : Starting OrderProducerIntegrationTest using Java 21.0.9 with PID 51107 (started by root in /home/david/source/repositories/java-kafka/orders-producer)
2026-01-26T23:16:58.149Z  INFO 51107 --- [           main] c.e.p.OrderProducerIntegrationTest       : No active profile set, falling back to 1 default profile: "default"
2026-01-26T23:16:58.892Z  INFO 51107 --- [           main] c.e.p.OrderProducerIntegrationTest       : Started OrderProducerIntegrationTest in 0.785 seconds (process running for 13.288)
2026-01-26T23:16:58.917Z  INFO 51107 --- [           main] o.a.k.clients.producer.ProducerConfig    : ProducerConfig values: 
	acks = -1
	auto.include.jmx.reporter = true
	batch.size = 16384
	bootstrap.servers = [PLAINTEXT://localhost:32776]
	buffer.memory = 33554432
	client.dns.lookup = use_all_dns_ips
	client.id = producer-1
	compression.type = none
	connections.max.idle.ms = 540000
	delivery.timeout.ms = 120000
	enable.idempotence = true
	enable.metrics.push = true
	interceptor.classes = []
	key.serializer = class org.apache.kafka.common.serialization.StringSerializer
	linger.ms = 0
	max.block.ms = 60000
	max.in.flight.requests.per.connection = 5
	max.request.size = 1048576
	metadata.max.age.ms = 300000
	metadata.max.idle.ms = 300000
	metric.reporters = []
	metrics.num.samples = 2
	metrics.recording.level = INFO
	metrics.sample.window.ms = 30000
	partitioner.adaptive.partitioning.enable = true
	partitioner.availability.timeout.ms = 0
	partitioner.class = null
	partitioner.ignore.keys = false
	receive.buffer.bytes = 32768
	reconnect.backoff.max.ms = 1000
	reconnect.backoff.ms = 50
	request.timeout.ms = 30000
	retries = 2147483647
	retry.backoff.max.ms = 1000
	retry.backoff.ms = 100
	sasl.client.callback.handler.class = null
	sasl.jaas.config = null
	sasl.kerberos.kinit.cmd = /usr/bin/kinit
	sasl.kerberos.min.time.before.relogin = 60000
	sasl.kerberos.service.name = null
	sasl.kerberos.ticket.renew.jitter = 0.05
	sasl.kerberos.ticket.renew.window.factor = 0.8
	sasl.login.callback.handler.class = null
	sasl.login.class = null
	sasl.login.connect.timeout.ms = null
	sasl.login.read.timeout.ms = null
	sasl.login.refresh.buffer.seconds = 300
	sasl.login.refresh.min.period.seconds = 60
	sasl.login.refresh.window.factor = 0.8
	sasl.login.refresh.window.jitter = 0.05
	sasl.login.retry.backoff.max.ms = 10000
	sasl.login.retry.backoff.ms = 100
	sasl.mechanism = GSSAPI
	sasl.oauthbearer.clock.skew.seconds = 30
	sasl.oauthbearer.expected.audience = null
	sasl.oauthbearer.expected.issuer = null
	sasl.oauthbearer.jwks.endpoint.refresh.ms = 3600000
	sasl.oauthbearer.jwks.endpoint.retry.backoff.max.ms = 10000
	sasl.oauthbearer.jwks.endpoint.retry.backoff.ms = 100
	sasl.oauthbearer.jwks.endpoint.url = null
	sasl.oauthbearer.scope.claim.name = scope
	sasl.oauthbearer.sub.claim.name = sub
	sasl.oauthbearer.token.endpoint.url = null
	security.protocol = PLAINTEXT
	security.providers = null
	send.buffer.bytes = 131072
	socket.connection.setup.timeout.max.ms = 30000
	socket.connection.setup.timeout.ms = 10000
	ssl.cipher.suites = null
	ssl.enabled.protocols = [TLSv1.2, TLSv1.3]
	ssl.endpoint.identification.algorithm = https
	ssl.engine.factory.class = null
	ssl.key.password = null
	ssl.keymanager.algorithm = SunX509
	ssl.keystore.certificate.chain = null
	ssl.keystore.key = null
	ssl.keystore.location = null
	ssl.keystore.password = null
	ssl.keystore.type = JKS
	ssl.protocol = TLSv1.3
	ssl.provider = null
	ssl.secure.random.implementation = null
	ssl.trustmanager.algorithm = PKIX
	ssl.truststore.certificates = null
	ssl.truststore.location = null
	ssl.truststore.password = null
	ssl.truststore.type = JKS
	transaction.timeout.ms = 60000
	transactional.id = null
	value.serializer = class org.apache.kafka.common.serialization.StringSerializer

2026-01-26T23:16:58.942Z  INFO 51107 --- [           main] o.a.k.c.t.i.KafkaMetricsCollector        : initializing Kafka metrics collector
2026-01-26T23:16:59.041Z  INFO 51107 --- [           main] o.a.k.clients.producer.KafkaProducer     : [Producer clientId=producer-1] Instantiated an idempotent producer.
2026-01-26T23:16:59.082Z  INFO 51107 --- [           main] o.a.kafka.common.utils.AppInfoParser     : Kafka version: 3.7.1
2026-01-26T23:16:59.082Z  INFO 51107 --- [           main] o.a.kafka.common.utils.AppInfoParser     : Kafka commitId: e2494e6ffb89f828
2026-01-26T23:16:59.082Z  INFO 51107 --- [           main] o.a.kafka.common.utils.AppInfoParser     : Kafka startTimeMs: 1769469419080
2026-01-26T23:16:59.532Z  WARN 51107 --- [ad | producer-1] org.apache.kafka.clients.NetworkClient   : [Producer clientId=producer-1] Error while fetching metadata with correlation id 1 : {test-topic=LEADER_NOT_AVAILABLE}
2026-01-26T23:16:59.534Z  INFO 51107 --- [ad | producer-1] org.apache.kafka.clients.Metadata        : [Producer clientId=producer-1] Cluster ID: 6jdG-a-RTr6UOFiz2wmd_g
2026-01-26T23:16:59.636Z  INFO 51107 --- [ad | producer-1] o.a.k.c.p.internals.TransactionManager   : [Producer clientId=producer-1] ProducerId set to 0 with epoch 0
2026-01-26T23:16:59.655Z  WARN 51107 --- [ad | producer-1] org.apache.kafka.clients.NetworkClient   : [Producer clientId=producer-1] Error while fetching metadata with correlation id 5 : {test-topic=LEADER_NOT_AVAILABLE}
2026-01-26T23:16:59.926Z  INFO 51107 --- [           main] o.a.k.clients.producer.KafkaProducer     : [Producer clientId=producer-1] Closing the Kafka producer with timeoutMillis = 9223372036854775807 ms.
2026-01-26T23:16:59.936Z  INFO 51107 --- [           main] o.apache.kafka.common.metrics.Metrics    : Metrics scheduler closed
2026-01-26T23:16:59.937Z  INFO 51107 --- [           main] o.apache.kafka.common.metrics.Metrics    : Closing reporter org.apache.kafka.common.metrics.JmxReporter
2026-01-26T23:16:59.937Z  INFO 51107 --- [           main] o.apache.kafka.common.metrics.Metrics    : Closing reporter org.apache.kafka.common.telemetry.internals.ClientTelemetryReporter
2026-01-26T23:16:59.937Z  INFO 51107 --- [           main] o.apache.kafka.common.metrics.Metrics    : Metrics reporters closed
2026-01-26T23:16:59.938Z  INFO 51107 --- [           main] o.a.kafka.common.utils.AppInfoParser     : App info kafka.producer for producer-1 unregistered
2026-01-26T23:16:59.943Z  INFO 51107 --- [           main] o.a.k.clients.consumer.ConsumerConfig    : ConsumerConfig values: 
	allow.auto.create.topics = true
	auto.commit.interval.ms = 5000
	auto.include.jmx.reporter = true
	auto.offset.reset = earliest
	bootstrap.servers = [PLAINTEXT://localhost:32776]
	check.crcs = true
	client.dns.lookup = use_all_dns_ips
	client.id = consumer-test-group-1
	client.rack = 
	connections.max.idle.ms = 540000
	default.api.timeout.ms = 60000
	enable.auto.commit = true
	enable.metrics.push = true
	exclude.internal.topics = true
	fetch.max.bytes = 52428800
	fetch.max.wait.ms = 500
	fetch.min.bytes = 1
	group.id = test-group
	group.instance.id = null
	group.protocol = classic
	group.remote.assignor = null
	heartbeat.interval.ms = 3000
	interceptor.classes = []
	internal.leave.group.on.close = true
	internal.throw.on.fetch.stable.offset.unsupported = false
	isolation.level = read_uncommitted
	key.deserializer = class org.apache.kafka.common.serialization.StringDeserializer
	max.partition.fetch.bytes = 1048576
	max.poll.interval.ms = 300000
	max.poll.records = 500
	metadata.max.age.ms = 300000
	metric.reporters = []
	metrics.num.samples = 2
	metrics.recording.level = INFO
	metrics.sample.window.ms = 30000
	partition.assignment.strategy = [class org.apache.kafka.clients.consumer.RangeAssignor, class org.apache.kafka.clients.consumer.CooperativeStickyAssignor]
	receive.buffer.bytes = 65536
	reconnect.backoff.max.ms = 1000
	reconnect.backoff.ms = 50
	request.timeout.ms = 30000
	retry.backoff.max.ms = 1000
	retry.backoff.ms = 100
	sasl.client.callback.handler.class = null
	sasl.jaas.config = null
	sasl.kerberos.kinit.cmd = /usr/bin/kinit
	sasl.kerberos.min.time.before.relogin = 60000
	sasl.kerberos.service.name = null
	sasl.kerberos.ticket.renew.jitter = 0.05
	sasl.kerberos.ticket.renew.window.factor = 0.8
	sasl.login.callback.handler.class = null
	sasl.login.class = null
	sasl.login.connect.timeout.ms = null
	sasl.login.read.timeout.ms = null
	sasl.login.refresh.buffer.seconds = 300
	sasl.login.refresh.min.period.seconds = 60
	sasl.login.refresh.window.factor = 0.8
	sasl.login.refresh.window.jitter = 0.05
	sasl.login.retry.backoff.max.ms = 10000
	sasl.login.retry.backoff.ms = 100
	sasl.mechanism = GSSAPI
	sasl.oauthbearer.clock.skew.seconds = 30
	sasl.oauthbearer.expected.audience = null
	sasl.oauthbearer.expected.issuer = null
	sasl.oauthbearer.jwks.endpoint.refresh.ms = 3600000
	sasl.oauthbearer.jwks.endpoint.retry.backoff.max.ms = 10000
	sasl.oauthbearer.jwks.endpoint.retry.backoff.ms = 100
	sasl.oauthbearer.jwks.endpoint.url = null
	sasl.oauthbearer.scope.claim.name = scope
	sasl.oauthbearer.sub.claim.name = sub
	sasl.oauthbearer.token.endpoint.url = null
	security.protocol = PLAINTEXT
	security.providers = null
	send.buffer.bytes = 131072
	session.timeout.ms = 45000
	socket.connection.setup.timeout.max.ms = 30000
	socket.connection.setup.timeout.ms = 10000
	ssl.cipher.suites = null
	ssl.enabled.protocols = [TLSv1.2, TLSv1.3]
	ssl.endpoint.identification.algorithm = https
	ssl.engine.factory.class = null
	ssl.key.password = null
	ssl.keymanager.algorithm = SunX509
	ssl.keystore.certificate.chain = null
	ssl.keystore.key = null
	ssl.keystore.location = null
	ssl.keystore.password = null
	ssl.keystore.type = JKS
	ssl.protocol = TLSv1.3
	ssl.provider = null
	ssl.secure.random.implementation = null
	ssl.trustmanager.algorithm = PKIX
	ssl.truststore.certificates = null
	ssl.truststore.location = null
	ssl.truststore.password = null
	ssl.truststore.type = JKS
	value.deserializer = class org.apache.kafka.common.serialization.StringDeserializer

2026-01-26T23:16:59.951Z  INFO 51107 --- [           main] o.a.k.c.t.i.KafkaMetricsCollector        : initializing Kafka metrics collector
2026-01-26T23:16:59.980Z  INFO 51107 --- [           main] o.a.kafka.common.utils.AppInfoParser     : Kafka version: 3.7.1
2026-01-26T23:16:59.980Z  INFO 51107 --- [           main] o.a.kafka.common.utils.AppInfoParser     : Kafka commitId: e2494e6ffb89f828
2026-01-26T23:16:59.980Z  INFO 51107 --- [           main] o.a.kafka.common.utils.AppInfoParser     : Kafka startTimeMs: 1769469419980
2026-01-26T23:16:59.981Z  INFO 51107 --- [           main] o.a.k.c.c.internals.LegacyKafkaConsumer  : [Consumer clientId=consumer-test-group-1, groupId=test-group] Subscribed to topic(s): test-topic
2026-01-26T23:16:59.990Z  INFO 51107 --- [           main] org.apache.kafka.clients.Metadata        : [Consumer clientId=consumer-test-group-1, groupId=test-group] Cluster ID: 6jdG-a-RTr6UOFiz2wmd_g
2026-01-26T23:17:00.328Z  INFO 51107 --- [           main] o.a.k.c.c.internals.ConsumerCoordinator  : [Consumer clientId=consumer-test-group-1, groupId=test-group] Discovered group coordinator localhost:32776 (id: 2147483646 rack: null)
2026-01-26T23:17:00.335Z  INFO 51107 --- [           main] o.a.k.c.c.internals.ConsumerCoordinator  : [Consumer clientId=consumer-test-group-1, groupId=test-group] (Re-)joining group
2026-01-26T23:17:00.354Z  INFO 51107 --- [           main] o.a.k.c.c.internals.ConsumerCoordinator  : [Consumer clientId=consumer-test-group-1, groupId=test-group] Request joining group due to: need to re-join with the given member-id: consumer-test-group-1-b5efd296-e8ed-4921-9096-6d2cd2cbfaf5
2026-01-26T23:17:00.354Z  INFO 51107 --- [           main] o.a.k.c.c.internals.ConsumerCoordinator  : [Consumer clientId=consumer-test-group-1, groupId=test-group] (Re-)joining group
2026-01-26T23:17:00.371Z  INFO 51107 --- [           main] o.a.k.c.c.internals.ConsumerCoordinator  : [Consumer clientId=consumer-test-group-1, groupId=test-group] Successfully joined group with generation Generation{generationId=1, memberId='consumer-test-group-1-b5efd296-e8ed-4921-9096-6d2cd2cbfaf5', protocol='range'}
2026-01-26T23:17:00.377Z  INFO 51107 --- [           main] o.a.k.c.c.internals.ConsumerCoordinator  : [Consumer clientId=consumer-test-group-1, groupId=test-group] Finished assignment for group at generation 1: {consumer-test-group-1-b5efd296-e8ed-4921-9096-6d2cd2cbfaf5=Assignment(partitions=[test-topic-0])}
2026-01-26T23:17:00.395Z  INFO 51107 --- [           main] o.a.k.c.c.internals.ConsumerCoordinator  : [Consumer clientId=consumer-test-group-1, groupId=test-group] Successfully synced group in generation Generation{generationId=1, memberId='consumer-test-group-1-b5efd296-e8ed-4921-9096-6d2cd2cbfaf5', protocol='range'}
2026-01-26T23:17:00.395Z  INFO 51107 --- [           main] o.a.k.c.c.internals.ConsumerCoordinator  : [Consumer clientId=consumer-test-group-1, groupId=test-group] Notifying assignor about the new Assignment(partitions=[test-topic-0])
2026-01-26T23:17:00.398Z  INFO 51107 --- [           main] k.c.c.i.ConsumerRebalanceListenerInvoker : [Consumer clientId=consumer-test-group-1, groupId=test-group] Adding newly assigned partitions: test-topic-0
2026-01-26T23:17:00.410Z  INFO 51107 --- [           main] o.a.k.c.c.internals.ConsumerCoordinator  : [Consumer clientId=consumer-test-group-1, groupId=test-group] Found no committed offset for partition test-topic-0
2026-01-26T23:17:00.423Z  INFO 51107 --- [           main] o.a.k.c.c.internals.SubscriptionState    : [Consumer clientId=consumer-test-group-1, groupId=test-group] Resetting offset for partition test-topic-0 to position FetchPosition{offset=0, offsetEpoch=Optional.empty, currentLeader=LeaderAndEpoch{leader=Optional[localhost:32776 (id: 1 rack: null)], epoch=0}}.
2026-01-26T23:17:00.511Z  INFO 51107 --- [           main] k.c.c.i.ConsumerRebalanceListenerInvoker : [Consumer clientId=consumer-test-group-1, groupId=test-group] Revoke previously assigned partitions test-topic-0
2026-01-26T23:17:00.512Z  INFO 51107 --- [           main] o.a.k.c.c.internals.ConsumerCoordinator  : [Consumer clientId=consumer-test-group-1, groupId=test-group] Member consumer-test-group-1-b5efd296-e8ed-4921-9096-6d2cd2cbfaf5 sending LeaveGroup request to coordinator localhost:32776 (id: 2147483646 rack: null) due to the consumer is being closed
2026-01-26T23:17:00.513Z  INFO 51107 --- [           main] o.a.k.c.c.internals.ConsumerCoordinator  : [Consumer clientId=consumer-test-group-1, groupId=test-group] Resetting generation and member id due to: consumer pro-actively leaving the group
2026-01-26T23:17:00.513Z  INFO 51107 --- [           main] o.a.k.c.c.internals.ConsumerCoordinator  : [Consumer clientId=consumer-test-group-1, groupId=test-group] Request joining group due to: consumer pro-actively leaving the group
2026-01-26T23:17:00.975Z  INFO 51107 --- [           main] o.apache.kafka.common.metrics.Metrics    : Metrics scheduler closed
2026-01-26T23:17:00.976Z  INFO 51107 --- [           main] o.apache.kafka.common.metrics.Metrics    : Closing reporter org.apache.kafka.common.metrics.JmxReporter
2026-01-26T23:17:00.976Z  INFO 51107 --- [           main] o.apache.kafka.common.metrics.Metrics    : Closing reporter org.apache.kafka.common.telemetry.internals.ClientTelemetryReporter
2026-01-26T23:17:00.976Z  INFO 51107 --- [           main] o.apache.kafka.common.metrics.Metrics    : Metrics reporters closed
2026-01-26T23:17:00.982Z  INFO 51107 --- [           main] o.a.kafka.common.utils.AppInfoParser     : App info kafka.consumer for consumer-test-group-1 unregistered
]]></system-out>
  </testcase>
  <testcase name="shouldVerifyKafkaIsRunning" classname="com.example.producer.OrderProducerIntegrationTest" time="0.007"/>
</testsuite>